Training Dataset Shapes: (900, 19, 64, 64, 1), (900, 19, 64, 64, 1)
Validation Dataset Shapes: (100, 19, 64, 64, 1), (100, 19, 64, 64, 1)
Displaying frames for example 838.
Model: "functional"
┏━━━━━━━━━━━━━━━━━━━━━━━━━━━━━━━━━━━━━━┳━━━━━━━━━━━━━━━━━━━━━━━━━━━━━┳━━━━━━━━━━━━━━━━━┓
┃ Layer (type)                         ┃ Output Shape                ┃         Param # ┃
┡━━━━━━━━━━━━━━━━━━━━━━━━━━━━━━━━━━━━━━╇━━━━━━━━━━━━━━━━━━━━━━━━━━━━━╇━━━━━━━━━━━━━━━━━┩
│ input_layer (InputLayer)             │ (None, None, 64, 64, 1)     │               0 │
├──────────────────────────────────────┼─────────────────────────────┼─────────────────┤
│ conv_lstm2d (ConvLSTM2D)             │ (None, None, 64, 64, 64)    │         416,256 │
├──────────────────────────────────────┼─────────────────────────────┼─────────────────┤
│ batch_normalization                  │ (None, None, 64, 64, 64)    │             256 │
│ (BatchNormalization)                 │                             │                 │
├──────────────────────────────────────┼─────────────────────────────┼─────────────────┤
│ conv_lstm2d_1 (ConvLSTM2D)           │ (None, None, 64, 64, 64)    │         295,168 │
├──────────────────────────────────────┼─────────────────────────────┼─────────────────┤
│ batch_normalization_1                │ (None, None, 64, 64, 64)    │             256 │
│ (BatchNormalization)                 │                             │                 │
├──────────────────────────────────────┼─────────────────────────────┼─────────────────┤
│ conv_lstm2d_2 (ConvLSTM2D)           │ (None, None, 64, 64, 64)    │          33,024 │
├──────────────────────────────────────┼─────────────────────────────┼─────────────────┤
│ conv3d (Conv3D)                      │ (None, None, 64, 64, 1)     │           1,729 │
└──────────────────────────────────────┴─────────────────────────────┴─────────────────┘
 Total params: 746,689 (2.85 MB)
 Trainable params: 746,433 (2.85 MB)
 Non-trainable params: 256 (1.00 KB)
Epoch 1/20
180/180 ━━━━━━━━━━━━━━━━━━━━ 106s 586ms/step - loss: 0.1027 - val_loss: 0.1041 - learning_rate: 0.0010
Epoch 2/20
180/180 ━━━━━━━━━━━━━━━━━━━━ 221s 1s/step - loss: 0.0312 - val_loss: 0.0926 - learning_rate: 0.0010
Epoch 3/20
180/180 ━━━━━━━━━━━━━━━━━━━━ 238s 1s/step - loss: 0.0301 - val_loss: 0.0466 - learning_rate: 0.0010
Epoch 4/20
180/180 ━━━━━━━━━━━━━━━━━━━━ 153s 848ms/step - loss: 0.0298 - val_loss: 0.0309 - learning_rate: 0.0010
Epoch 5/20
180/180 ━━━━━━━━━━━━━━━━━━━━ 86s 477ms/step - loss: 0.0297 - val_loss: 0.0297 - learning_rate: 0.0010
Epoch 6/20
180/180 ━━━━━━━━━━━━━━━━━━━━ 86s 477ms/step - loss: 0.0296 - val_loss: 0.0296 - learning_rate: 0.0010
Epoch 7/20
180/180 ━━━━━━━━━━━━━━━━━━━━ 86s 476ms/step - loss: 0.0295 - val_loss: 0.0296 - learning_rate: 0.0010
Epoch 8/20
180/180 ━━━━━━━━━━━━━━━━━━━━ 86s 477ms/step - loss: 0.0295 - val_loss: 0.0294 - learning_rate: 0.0010
Epoch 9/20
180/180 ━━━━━━━━━━━━━━━━━━━━ 89s 495ms/step - loss: 0.0294 - val_loss: 0.0296 - learning_rate: 0.0010
Epoch 10/20
180/180 ━━━━━━━━━━━━━━━━━━━━ 90s 502ms/step - loss: 0.0294 - val_loss: 0.0295 - learning_rate: 0.0010
Epoch 11/20
180/180 ━━━━━━━━━━━━━━━━━━━━ 88s 488ms/step - loss: 0.0294 - val_loss: 0.0294 - learning_rate: 0.0010
Epoch 12/20
180/180 ━━━━━━━━━━━━━━━━━━━━ 90s 499ms/step - loss: 0.0294 - val_loss: 0.0293 - learning_rate: 0.0010
Epoch 13/20
180/180 ━━━━━━━━━━━━━━━━━━━━ 90s 497ms/step - loss: 0.0293 - val_loss: 0.0293 - learning_rate: 0.0010
Epoch 14/20
180/180 ━━━━━━━━━━━━━━━━━━━━ 89s 491ms/step - loss: 0.0292 - val_loss: 0.0294 - learning_rate: 0.0010
Epoch 15/20
180/180 ━━━━━━━━━━━━━━━━━━━━ 90s 496ms/step - loss: 0.0293 - val_loss: 0.0293 - learning_rate: 0.0010
Epoch 16/20
180/180 ━━━━━━━━━━━━━━━━━━━━ 89s 493ms/step - loss: 0.0292 - val_loss: 0.0293 - learning_rate: 0.0010
Epoch 17/20
180/180 ━━━━━━━━━━━━━━━━━━━━ 87s 485ms/step - loss: 0.0293 - val_loss: 0.0293 - learning_rate: 0.0010
Epoch 18/20
180/180 ━━━━━━━━━━━━━━━━━━━━ 90s 501ms/step - loss: 0.0293 - val_loss: 0.0293 - learning_rate: 0.0010
Epoch 19/20
180/180 ━━━━━━━━━━━━━━━━━━━━ 96s 530ms/step - loss: 0.0292 - val_loss: 0.0292 - learning_rate: 1.0000e-04
Epoch 20/20
180/180 ━━━━━━━━━━━━━━━━━━━━ 93s 518ms/step - loss: 0.0292 - val_loss: 0.0292 - learning_rate: 1.0000e-04
2025-05-20 22:59:52.040712: I tensorflow/core/util/port.cc:153] oneDNN custom operations are on. You may see slightly different numerical results due to floating-point round-off errors from different computation orders. To turn them off, set the environment variable `TF_ENABLE_ONEDNN_OPTS=0`.
2025-05-20 22:59:55.300197: I tensorflow/core/util/port.cc:153] oneDNN custom operations are on. You may see slightly different numerical results due to floating-point round-off errors from different computation orders. To turn them off, set the environment variable `TF_ENABLE_ONEDNN_OPTS=0`.